#
# There is insufficient memory for the Java Runtime Environment to continue.
# Native memory allocation (mmap) failed to map 65536 bytes. Error detail: Failed to commit metaspace.
# Possible reasons:
#   The system is out of physical RAM or swap space
#   This process is running with CompressedOops enabled, and the Java Heap may be blocking the growth of the native heap
# Possible solutions:
#   Reduce memory load on the system
#   Increase physical memory or swap space
#   Check if swap backing store is full
#   Decrease Java heap size (-Xmx/-Xms)
#   Decrease number of Java threads
#   Decrease Java thread stack sizes (-Xss)
#   Set larger code cache with -XX:ReservedCodeCacheSize=
#   JVM is running with Unscaled Compressed Oops mode in which the Java heap is
#     placed in the first 4GB address space. The Java Heap base address is the
#     maximum limit for the native heap growth. Please use -XX:HeapBaseMinAddress
#     to set the Java Heap base and to place the Java Heap above 4GB virtual address.
# This output file may be truncated or incomplete.
#
#  Out of Memory Error (virtualSpaceNode.cpp:110), pid=19876, tid=12116
#
# JRE version: OpenJDK Runtime Environment Temurin-17.0.12+7 (17.0.12+7) (build 17.0.12+7)
# Java VM: OpenJDK 64-Bit Server VM Temurin-17.0.12+7 (17.0.12+7, mixed mode, tiered, compressed oops, compressed class ptrs, parallel gc, windows-amd64)
# No core dump will be written. Minidumps are not enabled by default on client versions of Windows
#

---------------  S U M M A R Y ------------

Command Line: --add-modules=ALL-SYSTEM --add-opens=java.base/java.util=ALL-UNNAMED --add-opens=java.base/java.lang=ALL-UNNAMED --add-opens=java.base/sun.nio.fs=ALL-UNNAMED -Declipse.application=org.eclipse.jdt.ls.core.id1 -Dosgi.bundles.defaultStartLevel=4 -Declipse.product=org.eclipse.jdt.ls.core.product -Djava.import.generatesMetadataFilesAtProjectRoot=false -DDetectVMInstallationsJob.disabled=true -Dfile.encoding=utf8 -XX:+UseParallelGC -XX:GCTimeRatio=4 -XX:AdaptiveSizePolicyWeight=90 -Dsun.zip.disableMemoryMapping=true -Xmx1G -Xms100m -Xlog:disable -javaagent:c:\Users\aluno.LABINFO\.vscode\extensions\redhat.java-1.35.1-win32-x64\lombok\lombok-1.18.33.jar -XX:+HeapDumpOnOutOfMemoryError -XX:HeapDumpPath=c:\Users\aluno.LABINFO\AppData\Roaming\Code\User\workspaceStorage\43d23e5561b409ebed617edebc448b48\redhat.java -Daether.dependencyCollector.impl=bf c:\Users\aluno.LABINFO\.vscode\extensions\redhat.java-1.35.1-win32-x64\server\plugins\org.eclipse.equinox.launcher_1.6.900.v20240613-2009.jar -configuration c:\Users\aluno.LABINFO\AppData\Roaming\Code\User\globalStorage\redhat.java\1.35.1\config_win -data c:\Users\aluno.LABINFO\AppData\Roaming\Code\User\workspaceStorage\43d23e5561b409ebed617edebc448b48\redhat.java\jdt_ws --pipe=\\.\pipe\lsp-ce9dc0eeda8b74bf740e5ae61fb9f880-sock

Host: 11th Gen Intel(R) Core(TM) i5-1135G7 @ 2.40GHz, 8 cores, 7G,  Windows 10 , 64 bit Build 19041 (10.0.19041.3636)
Time: Thu Oct 10 19:25:25 2024 Hora oficial do Brasil elapsed time: 0.566724 seconds (0d 0h 0m 0s)

---------------  T H R E A D  ---------------

Current thread (0x0000021093e9d730):  JavaThread "main" [_thread_in_vm, id=12116, stack(0x0000004734c00000,0x0000004734d00000)]

Stack: [0x0000004734c00000,0x0000004734d00000]
Native frames: (J=compiled Java code, j=interpreted, Vv=VM code, C=native code)
V  [jvm.dll+0x67f929]
V  [jvm.dll+0x8371ba]
V  [jvm.dll+0x838c7e]
V  [jvm.dll+0x8392e3]
V  [jvm.dll+0x24834f]
V  [jvm.dll+0x832e6d]
V  [jvm.dll+0x623e9e]
V  [jvm.dll+0x623f0a]
V  [jvm.dll+0x626724]
V  [jvm.dll+0x624846]
V  [jvm.dll+0x1e6502]
V  [jvm.dll+0x1e5ee9]
V  [jvm.dll+0x1eced1]
V  [jvm.dll+0x1e2261]
V  [jvm.dll+0x54468e]
V  [jvm.dll+0x1f2ce7]
V  [jvm.dll+0x7b056b]
V  [jvm.dll+0x7b1939]
V  [jvm.dll+0x4189c5]
C  [jli.dll+0x816b]
C  [jli.dll+0x48a0]
C  [jli.dll+0x58e0]
C  [jli.dll+0x5654]
C  [ucrtbase.dll+0x21bb2]
C  [KERNEL32.DLL+0x17344]
C  [ntdll.dll+0x526b1]


---------------  P R O C E S S  ---------------

Threads class SMR info:
_java_thread_list=0x00000210af2cf200, length=13, elements={
0x0000021093e9d730, 0x0000021093f54f00, 0x0000021093f56880, 0x00000210aef70020,
0x00000210aef708f0, 0x00000210aef71f70, 0x00000210aef72840, 0x00000210aef76460,
0x00000210aef7ae20, 0x00000210aef8ee40, 0x0000021093f01a70, 0x00000210af1531e0,
0x00000210af2c7ac0
}

Java Threads: ( => current thread )
=>0x0000021093e9d730 JavaThread "main" [_thread_in_vm, id=12116, stack(0x0000004734c00000,0x0000004734d00000)]
  0x0000021093f54f00 JavaThread "Reference Handler" daemon [_thread_blocked, id=20172, stack(0x0000004734f00000,0x0000004735000000)]
  0x0000021093f56880 JavaThread "Finalizer" daemon [_thread_blocked, id=14204, stack(0x0000004735000000,0x0000004735100000)]
  0x00000210aef70020 JavaThread "Signal Dispatcher" daemon [_thread_blocked, id=19928, stack(0x0000004735100000,0x0000004735200000)]
  0x00000210aef708f0 JavaThread "Attach Listener" daemon [_thread_blocked, id=15272, stack(0x0000004735200000,0x0000004735300000)]
  0x00000210aef71f70 JavaThread "Service Thread" daemon [_thread_blocked, id=3972, stack(0x0000004735300000,0x0000004735400000)]
  0x00000210aef72840 JavaThread "Monitor Deflation Thread" daemon [_thread_blocked, id=13900, stack(0x0000004735400000,0x0000004735500000)]
  0x00000210aef76460 JavaThread "C2 CompilerThread0" daemon [_thread_blocked, id=19660, stack(0x0000004735500000,0x0000004735600000)]
  0x00000210aef7ae20 JavaThread "C1 CompilerThread0" daemon [_thread_blocked, id=19832, stack(0x0000004735600000,0x0000004735700000)]
  0x00000210aef8ee40 JavaThread "Sweeper thread" daemon [_thread_blocked, id=19828, stack(0x0000004735700000,0x0000004735800000)]
  0x0000021093f01a70 JavaThread "Common-Cleaner" daemon [_thread_blocked, id=11792, stack(0x0000004735800000,0x0000004735900000)]
  0x00000210af1531e0 JavaThread "C2 CompilerThread1" daemon [_thread_blocked, id=8048, stack(0x0000004735900000,0x0000004735a00000)]
  0x00000210af2c7ac0 JavaThread "Notification Thread" daemon [_thread_blocked, id=12900, stack(0x0000004735a00000,0x0000004735b00000)]

Other Threads:
  0x00000210aef20c20 VMThread "VM Thread" [stack: 0x0000004734e00000,0x0000004734f00000] [id=13248]
  0x00000210afec4090 WatcherThread [stack: 0x0000004735b00000,0x0000004735c00000] [id=5092]
  0x0000021093eb41a0 GCTaskThread "GC Thread#0" [stack: 0x0000004734d00000,0x0000004734e00000] [id=19512]

Threads with active compile tasks:

VM state: not at safepoint (normal execution)

VM Mutex/Monitor currently owned by a thread:  ([mutex/lock_event])
[0x0000021093e989f0] Metaspace_lock - owner thread: 0x0000021093e9d730

Heap address: 0x00000000c0000000, size: 1024 MB, Compressed Oops mode: 32-bit

CDS archive(s) not mapped
Compressed class space mapped at: 0x0000000100000000-0x0000000140000000, reserved size: 1073741824
Narrow klass base: 0x0000000000000000, Narrow klass shift: 3, Narrow klass range: 0x140000000

GC Precious Log:
 CPUs: 8 total, 8 available
 Memory: 7991M
 Large Page Support: Disabled
 NUMA Support: Disabled
 Compressed Oops: Enabled (32-bit)
 Alignments: Space 512K, Generation 512K, Heap 2M
 Heap Min Capacity: 100M
 Heap Initial Capacity: 100M
 Heap Max Capacity: 1G
 Pre-touch: Disabled
 Parallel Workers: 8

Heap:
 PSYoungGen      total 29696K, used 8394K [0x00000000eab00000, 0x00000000ecc00000, 0x0000000100000000)
  eden space 25600K, 32% used [0x00000000eab00000,0x00000000eb332980,0x00000000ec400000)
  from space 4096K, 0% used [0x00000000ec800000,0x00000000ec800000,0x00000000ecc00000)
  to   space 4096K, 0% used [0x00000000ec400000,0x00000000ec400000,0x00000000ec800000)
 ParOldGen       total 68608K, used 0K [0x00000000c0000000, 0x00000000c4300000, 0x00000000eab00000)
  object space 68608K, 0% used [0x00000000c0000000,0x00000000c0000000,0x00000000c4300000)
 Metaspace       used 6303K, committed 6464K, reserved 1114112K
  class space    used 611K, committed 704K, reserved 1048576K

Card table byte_map: [0x00000210a7540000,0x00000210a7750000] _byte_map_base: 0x00000210a6f40000

Marking Bits: (ParMarkBitMap*) 0x00007ff8f6f658b0
 Begin Bits: [0x00000210a78b0000, 0x00000210a88b0000)
 End Bits:   [0x00000210a88b0000, 0x00000210a98b0000)

Polling page: 0x0000021093f60000

Metaspace:

Usage:
  Non-class:      5.56 MB used.
      Class:    611.36 KB used.
       Both:      6.16 MB used.

Virtual space:
  Non-class space:       64.00 MB reserved,       5.62 MB (  9%) committed,  1 nodes.
      Class space:        1.00 GB reserved,     704.00 KB ( <1%) committed,  1 nodes.
             Both:        1.06 GB reserved,       6.31 MB ( <1%) committed. 

Chunk freelists:
   Non-Class:  10.23 MB
       Class:  15.21 MB
        Both:  25.45 MB

MaxMetaspaceSize: unlimited
CompressedClassSpaceSize: 1.00 GB
Initial GC threshold: 21.00 MB
Current GC threshold: 21.00 MB
CDS: off
MetaspaceReclaimPolicy: balanced
 - commit_granule_bytes: 65536.
 - commit_granule_words: 8192.
 - virtual_space_node_default_size: 8388608.
 - enlarge_chunks_in_place: 1.
 - new_chunks_are_fully_committed: 0.
 - uncommit_free_chunks: 1.
 - use_allocation_guard: 0.
 - handle_deallocations: 1.


Internal statistics:

num_allocs_failed_limit: 0.
num_arena_births: 10.
num_arena_deaths: 0.
num_vsnodes_births: 2.
num_vsnodes_deaths: 0.
num_space_committed: 101.
num_space_uncommitted: 0.
num_chunks_returned_to_freelist: 0.
num_chunks_taken_from_freelist: 35.
num_chunk_merges: 0.
num_chunk_splits: 22.
num_chunks_enlarged: 21.
num_inconsistent_stats: 0.

CodeHeap 'non-profiled nmethods': size=120000Kb used=132Kb max_used=132Kb free=119868Kb
 bounds [0x000002109fe30000, 0x00000210a00a0000, 0x00000210a7360000]
CodeHeap 'profiled nmethods': size=120000Kb used=583Kb max_used=583Kb free=119416Kb
 bounds [0x0000021098360000, 0x00000210985d0000, 0x000002109f890000]
CodeHeap 'non-nmethods': size=5760Kb used=1107Kb max_used=1135Kb free=4652Kb
 bounds [0x000002109f890000, 0x000002109fb00000, 0x000002109fe30000]
 total_blobs=798 nmethods=424 adapters=289
 compilation: enabled
              stopped_count=0, restarted_count=0
 full_count=0

Compilation events (20 events):
Event: 0.549 Thread 0x00000210aef7ae20  417       3       java.util.Collections$UnmodifiableCollection::<init> (22 bytes)
Event: 0.549 Thread 0x00000210aef7ae20 nmethod 417 0x00000210983ea510 code [0x00000210983ea6c0, 0x00000210983ea948]
Event: 0.549 Thread 0x00000210aef7ae20  419       3       lombok.patcher.Hook::toSpec (95 bytes)
Event: 0.550 Thread 0x00000210aef7ae20 nmethod 419 0x00000210983eaa90 code [0x00000210983eade0, 0x00000210983ebf18]
Event: 0.550 Thread 0x00000210aef7ae20  418       3       java.util.ArrayList::get (15 bytes)
Event: 0.550 Thread 0x00000210af1531e0 nmethod 404% 0x000002109fe4e890 code [0x000002109fe4ea20, 0x000002109fe4ee58]
Event: 0.551 Thread 0x00000210af1531e0  415       4       java.lang.String::indexOf (29 bytes)
Event: 0.551 Thread 0x00000210aef7ae20 nmethod 418 0x00000210983ec510 code [0x00000210983ec6e0, 0x00000210983eca08]
Event: 0.552 Thread 0x00000210af1531e0 nmethod 415 0x000002109fe4f010 code [0x000002109fe4f1a0, 0x000002109fe4f3b8]
Event: 0.553 Thread 0x00000210aef76460 nmethod 392% 0x000002109fe4f510 code [0x000002109fe4f6c0, 0x000002109fe50278]
Event: 0.554 Thread 0x00000210aef7ae20  420       3       java.util.Collections::unmodifiableList (47 bytes)
Event: 0.554 Thread 0x00000210aef76460  423       4       java.util.Arrays::copyOfRange (64 bytes)
Event: 0.554 Thread 0x00000210aef7ae20 nmethod 420 0x00000210983ecc10 code [0x00000210983ece40, 0x00000210983ed778]
Event: 0.554 Thread 0x00000210aef7ae20  421       3       java.util.Collections$UnmodifiableRandomAccessList::<init> (6 bytes)
Event: 0.555 Thread 0x00000210aef7ae20 nmethod 421 0x00000210983eda10 code [0x00000210983edbe0, 0x00000210983edf48]
Event: 0.555 Thread 0x00000210aef7ae20  422       3       java.util.Collections$UnmodifiableList::<init> (11 bytes)
Event: 0.555 Thread 0x00000210aef7ae20 nmethod 422 0x00000210983ee090 code [0x00000210983ee240, 0x00000210983ee548]
Event: 0.556 Thread 0x00000210aef76460 nmethod 423 0x000002109fe50a10 code [0x000002109fe50ba0, 0x000002109fe50ed8]
Event: 0.557 Thread 0x00000210aef7ae20  424   !   3       java.lang.String::replace (258 bytes)
Event: 0.559 Thread 0x00000210aef7ae20 nmethod 424 0x00000210983ee690 code [0x00000210983eeb60, 0x00000210983f0e88]

GC Heap History (0 events):
No events

Dll operation events (8 events):
Event: 0.013 Loaded shared library c:\Users\aluno.LABINFO\.vscode\extensions\redhat.java-1.35.1-win32-x64\jre\17.0.12-win32-x86_64\bin\java.dll
Event: 0.207 Loaded shared library c:\Users\aluno.LABINFO\.vscode\extensions\redhat.java-1.35.1-win32-x64\jre\17.0.12-win32-x86_64\bin\zip.dll
Event: 0.209 Loaded shared library C:\Users\aluno.LABINFO\.vscode\extensions\redhat.java-1.35.1-win32-x64\jre\17.0.12-win32-x86_64\bin\instrument.dll
Event: 0.226 Loaded shared library C:\Users\aluno.LABINFO\.vscode\extensions\redhat.java-1.35.1-win32-x64\jre\17.0.12-win32-x86_64\bin\net.dll
Event: 0.237 Loaded shared library C:\Users\aluno.LABINFO\.vscode\extensions\redhat.java-1.35.1-win32-x64\jre\17.0.12-win32-x86_64\bin\nio.dll
Event: 0.246 Loaded shared library C:\Users\aluno.LABINFO\.vscode\extensions\redhat.java-1.35.1-win32-x64\jre\17.0.12-win32-x86_64\bin\zip.dll
Event: 0.265 Loaded shared library C:\Users\aluno.LABINFO\.vscode\extensions\redhat.java-1.35.1-win32-x64\jre\17.0.12-win32-x86_64\bin\jimage.dll
Event: 0.362 Loaded shared library c:\Users\aluno.LABINFO\.vscode\extensions\redhat.java-1.35.1-win32-x64\jre\17.0.12-win32-x86_64\bin\verify.dll

Deoptimization events (2 events):
Event: 0.490 Thread 0x0000021093e9d730 DEOPT PACKING pc=0x00000210983a73d6 sp=0x0000004734cf8dc0
Event: 0.490 Thread 0x0000021093e9d730 DEOPT UNPACKING pc=0x000002109f8ea9e3 sp=0x0000004734cf8260 mode 0

Classes loaded (20 events):
Event: 0.476 Loading class java/util/regex/Pattern$StartS done
Event: 0.476 Loading class java/util/regex/Pattern$Curly
Event: 0.476 Loading class java/util/regex/Pattern$Curly done
Event: 0.476 Loading class java/util/regex/Pattern$Ques
Event: 0.476 Loading class java/util/regex/Pattern$Ques done
Event: 0.476 Loading class java/util/regex/Pattern$Loop
Event: 0.477 Loading class java/util/regex/Pattern$Loop done
Event: 0.477 Loading class java/util/regex/Pattern$Prolog
Event: 0.477 Loading class java/util/regex/Pattern$Prolog done
Event: 0.477 Loading class java/util/regex/Pattern$Dollar
Event: 0.477 Loading class java/util/regex/Pattern$Dollar done
Event: 0.477 Loading class java/util/regex/Pattern$GroupCurly
Event: 0.477 Loading class java/util/regex/Pattern$GroupCurly done
Event: 0.498 Loading class java/util/Collections$SingletonSet
Event: 0.499 Loading class java/util/Collections$SingletonSet done
Event: 0.499 Loading class java/util/Collections$1
Event: 0.499 Loading class java/util/Collections$1 done
Event: 0.556 Loading class jdk/internal/vm/PostVMInitHook
Event: 0.556 Loading class jdk/internal/vm/PostVMInitHook done
Event: 0.556 Loading class sun/launcher/LauncherHelper

Classes unloaded (0 events):
No events

Classes redefined (0 events):
No events

Internal exceptions (2 events):
Event: 0.184 Thread 0x0000021093e9d730 Exception <a 'java/lang/NoSuchMethodError'{0x00000000eacb5208}: 'void java.lang.invoke.DirectMethodHandle$Holder.invokeStatic(java.lang.Object, java.lang.Object, java.lang.Object)'> (0x00000000eacb5208) 
thrown [s\src\hotspot\share\interpreter\linkResolver.cpp, line 759]
Event: 0.413 Thread 0x0000021093e9d730 Exception <a 'java/lang/reflect/InvocationTargetException'{0x00000000eafe9c78}> (0x00000000eafe9c78) 
thrown [s\src\hotspot\share\runtime\reflection.cpp, line 1128]

VM Operations (4 events):
Event: 0.189 Executing VM operation: HandshakeAllThreads
Event: 0.189 Executing VM operation: HandshakeAllThreads done
Event: 0.282 Executing VM operation: HandshakeAllThreads
Event: 0.282 Executing VM operation: HandshakeAllThreads done

Events (13 events):
Event: 0.050 Thread 0x0000021093e9d730 Thread added: 0x0000021093e9d730
Event: 0.062 Thread 0x0000021093f54f00 Thread added: 0x0000021093f54f00
Event: 0.063 Thread 0x0000021093f56880 Thread added: 0x0000021093f56880
Event: 0.101 Thread 0x00000210aef70020 Thread added: 0x00000210aef70020
Event: 0.101 Thread 0x00000210aef708f0 Thread added: 0x00000210aef708f0
Event: 0.101 Thread 0x00000210aef71f70 Thread added: 0x00000210aef71f70
Event: 0.101 Thread 0x00000210aef72840 Thread added: 0x00000210aef72840
Event: 0.101 Thread 0x00000210aef76460 Thread added: 0x00000210aef76460
Event: 0.101 Thread 0x00000210aef7ae20 Thread added: 0x00000210aef7ae20
Event: 0.101 Thread 0x00000210aef8ee40 Thread added: 0x00000210aef8ee40
Event: 0.166 Thread 0x0000021093f01a70 Thread added: 0x0000021093f01a70
Event: 0.196 Thread 0x00000210af1531e0 Thread added: 0x00000210af1531e0
Event: 0.556 Thread 0x00000210af2c7ac0 Thread added: 0x00000210af2c7ac0


Dynamic libraries:
0x00007ff6bfbe0000 - 0x00007ff6bfbee000 	c:\Users\aluno.LABINFO\.vscode\extensions\redhat.java-1.35.1-win32-x64\jre\17.0.12-win32-x86_64\bin\java.exe
0x00007ff949d30000 - 0x00007ff949f28000 	C:\Windows\SYSTEM32\ntdll.dll
0x00007ff949c30000 - 0x00007ff949ced000 	C:\Windows\System32\KERNEL32.DLL
0x00007ff9476c0000 - 0x00007ff9479b6000 	C:\Windows\System32\KERNELBASE.dll
0x00007ff947430000 - 0x00007ff947530000 	C:\Windows\System32\ucrtbase.dll
0x00007ff93f580000 - 0x00007ff93f597000 	c:\Users\aluno.LABINFO\.vscode\extensions\redhat.java-1.35.1-win32-x64\jre\17.0.12-win32-x86_64\bin\jli.dll
0x00007ff940560000 - 0x00007ff94057b000 	c:\Users\aluno.LABINFO\.vscode\extensions\redhat.java-1.35.1-win32-x64\jre\17.0.12-win32-x86_64\bin\VCRUNTIME140.dll
0x00007ff947f10000 - 0x00007ff9480af000 	C:\Windows\System32\USER32.dll
0x00007ff947690000 - 0x00007ff9476b2000 	C:\Windows\System32\win32u.dll
0x00007ff934aa0000 - 0x00007ff934d3a000 	C:\Windows\WinSxS\amd64_microsoft.windows.common-controls_6595b64144ccf1df_6.0.19041.4355_none_60b8b9eb71f62e16\COMCTL32.dll
0x00007ff948c20000 - 0x00007ff948c4b000 	C:\Windows\System32\GDI32.dll
0x00007ff9493e0000 - 0x00007ff94947e000 	C:\Windows\System32\msvcrt.dll
0x00007ff947a30000 - 0x00007ff947b47000 	C:\Windows\System32\gdi32full.dll
0x00007ff947cc0000 - 0x00007ff947d5d000 	C:\Windows\System32\msvcp_win.dll
0x00007ff947ed0000 - 0x00007ff947f02000 	C:\Windows\System32\IMM32.DLL
0x00007ff943480000 - 0x00007ff94348c000 	c:\Users\aluno.LABINFO\.vscode\extensions\redhat.java-1.35.1-win32-x64\jre\17.0.12-win32-x86_64\bin\vcruntime140_1.dll
0x00007ff903760000 - 0x00007ff9037ed000 	c:\Users\aluno.LABINFO\.vscode\extensions\redhat.java-1.35.1-win32-x64\jre\17.0.12-win32-x86_64\bin\msvcp140.dll
0x00007ff8f63c0000 - 0x00007ff8f702a000 	c:\Users\aluno.LABINFO\.vscode\extensions\redhat.java-1.35.1-win32-x64\jre\17.0.12-win32-x86_64\bin\server\jvm.dll
0x00007ff948fb0000 - 0x00007ff949060000 	C:\Windows\System32\ADVAPI32.dll
0x00007ff9480b0000 - 0x00007ff948150000 	C:\Windows\System32\sechost.dll
0x00007ff949480000 - 0x00007ff9495a3000 	C:\Windows\System32\RPCRT4.dll
0x00007ff947be0000 - 0x00007ff947c07000 	C:\Windows\System32\bcrypt.dll
0x00007ff949bc0000 - 0x00007ff949c2b000 	C:\Windows\System32\WS2_32.dll
0x00007ff946de0000 - 0x00007ff946e2b000 	C:\Windows\SYSTEM32\POWRPROF.dll
0x00007ff9361e0000 - 0x00007ff936207000 	C:\Windows\SYSTEM32\WINMM.dll
0x00007ff9402a0000 - 0x00007ff9402aa000 	C:\Windows\SYSTEM32\VERSION.dll
0x00007ff946dc0000 - 0x00007ff946dd2000 	C:\Windows\SYSTEM32\UMPDC.dll
0x00007ff9459d0000 - 0x00007ff9459e2000 	C:\Windows\SYSTEM32\kernel.appcore.dll
0x00007ff940da0000 - 0x00007ff940daa000 	c:\Users\aluno.LABINFO\.vscode\extensions\redhat.java-1.35.1-win32-x64\jre\17.0.12-win32-x86_64\bin\jimage.dll
0x00007ff944f00000 - 0x00007ff9450e4000 	C:\Windows\SYSTEM32\DBGHELP.DLL
0x00007ff934250000 - 0x00007ff934284000 	C:\Windows\SYSTEM32\dbgcore.DLL
0x00007ff947b50000 - 0x00007ff947bd2000 	C:\Windows\System32\bcryptPrimitives.dll
0x00007ff93f420000 - 0x00007ff93f42e000 	c:\Users\aluno.LABINFO\.vscode\extensions\redhat.java-1.35.1-win32-x64\jre\17.0.12-win32-x86_64\bin\instrument.dll
0x00007ff921cb0000 - 0x00007ff921cd5000 	c:\Users\aluno.LABINFO\.vscode\extensions\redhat.java-1.35.1-win32-x64\jre\17.0.12-win32-x86_64\bin\java.dll
0x00007ff93e760000 - 0x00007ff93e778000 	c:\Users\aluno.LABINFO\.vscode\extensions\redhat.java-1.35.1-win32-x64\jre\17.0.12-win32-x86_64\bin\zip.dll
0x00007ff9482f0000 - 0x00007ff948a5b000 	C:\Windows\System32\SHELL32.dll
0x00007ff945220000 - 0x00007ff9459bd000 	C:\Windows\SYSTEM32\windows.storage.dll
0x00007ff949080000 - 0x00007ff9493d3000 	C:\Windows\System32\combase.dll
0x00007ff946c50000 - 0x00007ff946c7e000 	C:\Windows\SYSTEM32\Wldp.dll
0x00007ff948220000 - 0x00007ff9482ed000 	C:\Windows\System32\OLEAUT32.dll
0x00007ff948ac0000 - 0x00007ff948b6d000 	C:\Windows\System32\SHCORE.dll
0x00007ff948d90000 - 0x00007ff948de5000 	C:\Windows\System32\shlwapi.dll
0x00007ff947310000 - 0x00007ff947334000 	C:\Windows\SYSTEM32\profapi.dll
0x00007ff939020000 - 0x00007ff939039000 	C:\Users\aluno.LABINFO\.vscode\extensions\redhat.java-1.35.1-win32-x64\jre\17.0.12-win32-x86_64\bin\net.dll
0x00007ff9420b0000 - 0x00007ff9421ba000 	C:\Windows\SYSTEM32\WINHTTP.dll
0x00007ff946a30000 - 0x00007ff946a9a000 	C:\Windows\system32\mswsock.dll
0x00007ff937e00000 - 0x00007ff937e16000 	C:\Users\aluno.LABINFO\.vscode\extensions\redhat.java-1.35.1-win32-x64\jre\17.0.12-win32-x86_64\bin\nio.dll
0x00007ff93f410000 - 0x00007ff93f420000 	c:\Users\aluno.LABINFO\.vscode\extensions\redhat.java-1.35.1-win32-x64\jre\17.0.12-win32-x86_64\bin\verify.dll

dbghelp: loaded successfully - version: 4.0.5 - missing functions: none
symbol engine: initialized successfully - sym options: 0x614 - pdb path: .;c:\Users\aluno.LABINFO\.vscode\extensions\redhat.java-1.35.1-win32-x64\jre\17.0.12-win32-x86_64\bin;C:\Windows\SYSTEM32;C:\Windows\WinSxS\amd64_microsoft.windows.common-controls_6595b64144ccf1df_6.0.19041.4355_none_60b8b9eb71f62e16;c:\Users\aluno.LABINFO\.vscode\extensions\redhat.java-1.35.1-win32-x64\jre\17.0.12-win32-x86_64\bin\server

VM Arguments:
jvm_args: --add-modules=ALL-SYSTEM --add-opens=java.base/java.util=ALL-UNNAMED --add-opens=java.base/java.lang=ALL-UNNAMED --add-opens=java.base/sun.nio.fs=ALL-UNNAMED -Declipse.application=org.eclipse.jdt.ls.core.id1 -Dosgi.bundles.defaultStartLevel=4 -Declipse.product=org.eclipse.jdt.ls.core.product -Djava.import.generatesMetadataFilesAtProjectRoot=false -DDetectVMInstallationsJob.disabled=true -Dfile.encoding=utf8 -XX:+UseParallelGC -XX:GCTimeRatio=4 -XX:AdaptiveSizePolicyWeight=90 -Dsun.zip.disableMemoryMapping=true -Xmx1G -Xms100m -Xlog:disable -javaagent:c:\Users\aluno.LABINFO\.vscode\extensions\redhat.java-1.35.1-win32-x64\lombok\lombok-1.18.33.jar -XX:+HeapDumpOnOutOfMemoryError -XX:HeapDumpPath=c:\Users\aluno.LABINFO\AppData\Roaming\Code\User\workspaceStorage\43d23e5561b409ebed617edebc448b48\redhat.java -Daether.dependencyCollector.impl=bf 
java_command: c:\Users\aluno.LABINFO\.vscode\extensions\redhat.java-1.35.1-win32-x64\server\plugins\org.eclipse.equinox.launcher_1.6.900.v20240613-2009.jar -configuration c:\Users\aluno.LABINFO\AppData\Roaming\Code\User\globalStorage\redhat.java\1.35.1\config_win -data c:\Users\aluno.LABINFO\AppData\Roaming\Code\User\workspaceStorage\43d23e5561b409ebed617edebc448b48\redhat.java\jdt_ws --pipe=\\.\pipe\lsp-ce9dc0eeda8b74bf740e5ae61fb9f880-sock
java_class_path (initial): c:\Users\aluno.LABINFO\.vscode\extensions\redhat.java-1.35.1-win32-x64\server\plugins\org.eclipse.equinox.launcher_1.6.900.v20240613-2009.jar
Launcher Type: SUN_STANDARD

[Global flags]
    uintx AdaptiveSizePolicyWeight                 = 90                                        {product} {command line}
     intx CICompilerCount                          = 4                                         {product} {ergonomic}
    uintx GCTimeRatio                              = 4                                         {product} {command line}
     bool HeapDumpOnOutOfMemoryError               = true                                   {manageable} {command line}
    ccstr HeapDumpPath                             = c:\Users\aluno.LABINFO\AppData\Roaming\Code\User\workspaceStorage\43d23e5561b409ebed617edebc448b48\redhat.java         {manageable} {command line}
   size_t InitialHeapSize                          = 104857600                                 {product} {command line}
   size_t MaxHeapSize                              = 1073741824                                {product} {command line}
   size_t MaxNewSize                               = 357564416                                 {product} {ergonomic}
   size_t MinHeapDeltaBytes                        = 524288                                    {product} {ergonomic}
   size_t MinHeapSize                              = 104857600                                 {product} {command line}
   size_t NewSize                                  = 34603008                                  {product} {ergonomic}
    uintx NonNMethodCodeHeapSize                   = 5839372                                {pd product} {ergonomic}
    uintx NonProfiledCodeHeapSize                  = 122909434                              {pd product} {ergonomic}
   size_t OldSize                                  = 70254592                                  {product} {ergonomic}
    uintx ProfiledCodeHeapSize                     = 122909434                              {pd product} {ergonomic}
    uintx ReservedCodeCacheSize                    = 251658240                              {pd product} {ergonomic}
     bool SegmentedCodeCache                       = true                                      {product} {ergonomic}
   size_t SoftMaxHeapSize                          = 1073741824                             {manageable} {ergonomic}
     bool UseCompressedClassPointers               = true                           {product lp64_product} {ergonomic}
     bool UseCompressedOops                        = true                           {product lp64_product} {ergonomic}
     bool UseLargePagesIndividualAllocation        = false                                  {pd product} {ergonomic}
     bool UseParallelGC                            = true                                      {product} {command line}

Logging:
Log output configuration:
 #0: stdout all=off uptime,level,tags
 #1: stderr all=off uptime,level,tags

Environment Variables:
JAVA_HOME=C:\Program Files\Java\jdk-17.0.2
CLASSPATH=C:\LINGO20\Lingo20.jar
PATH=C:\Program Files (x86)\VMware\VMware Player\bin\;C:\Program Files\Microsoft MPI\Bin\;C:\Python310\Scripts\;C:\Python310\;C:\Program Files\Common Files\Oracle\Java\javapath;C:\Program Files (x86)\Common Files\Oracle\Java\javapath;C:\Windows\system32;C:\Windows;C:\Windows\System32\Wbem;C:\Windows\System32\WindowsPowerShell\v1.0\;C:\Windows\System32\OpenSSH\;C:\Program Files\MATLAB\R2016b\bin;C:\Program Files\Microsoft VS Code\bin;C:\Program Files\nodejs\;C:\ProgramData\chocolatey\bin;C:\ProgramData\UNIVALI\Portugol Studio;C:\Program Files (x86)\Microsoft SQL Server\150\DTS\Binn\;C:\Program Files\Azure Data Studio\bin;C:\Program Files\Microsoft SQL Server\120\Tools\Binn\;C:\Program Files (x86)\Windows Kits\8.1\Windows Performance Toolkit\;C:\Program Files (x86)\Common Files\EpsonRC\exe;C:\Program Files (x86)\Microsoft SQL Server\160\Tools\Binn\;C:\Program Files\Microsoft SQL Server\160\Tools\Binn\;C:\Program Files\Microsoft SQL Server\Client SDK\ODBC\170\Tools\Binn\;C:\Program Files\Microsoft SQL Server\160\DTS\Binn\;C:\Program Files (x86)\dotnet\;C:\Program Files (x86)\CODESYS\APInstaller\;C:\LINGO20\;C:\Program Files\Docker\Docker\resources\bin;C:\Program Files\Git\cmd;C:\Program Files\dotnet\;C:\Users\aluno.LABINFO\AppData\Local\Microsoft\WindowsApps;C:\Users\aluno.LABINFO\AppData\Local\GitHubDesktop\bin;C:\Users\aluno.LABINFO\AppData\Local\Programs\Microsoft VS Code\bin
USERNAME=aluno
OS=Windows_NT
PROCESSOR_IDENTIFIER=Intel64 Family 6 Model 140 Stepping 1, GenuineIntel
TMP=C:\Users\ALUNO~1.LAB\AppData\Local\Temp
TEMP=C:\Users\ALUNO~1.LAB\AppData\Local\Temp



Periodic native trim disabled


---------------  S Y S T E M  ---------------

OS:
 Windows 10 , 64 bit Build 19041 (10.0.19041.3636)
OS uptime: 15 days 0:35 hours
Hyper-V role detected

CPU: total 8 (initial active 8) (4 cores per cpu, 2 threads per core) family 6 model 140 stepping 1 microcode 0x8a, cx8, cmov, fxsr, ht, mmx, 3dnowpref, sse, sse2, sse3, ssse3, sse4.1, sse4.2, popcnt, lzcnt, tsc, tscinvbit, avx, avx2, aes, erms, clmul, bmi1, bmi2, adx, avx512f, avx512dq, avx512cd, avx512bw, avx512vl, sha, fma, vzeroupper, avx512_vpopcntdq, avx512_vpclmulqdq, avx512_vaes, avx512_vnni, clflush, clflushopt, clwb, avx512_vbmi2, avx512_vbmi, hv
Processor Information for all 8 processors :
  Max Mhz: 2419, Current Mhz: 2419, Mhz Limit: 2419

Memory: 4k page, system-wide physical 7991M (600M free)
TotalPageFile size 11991M (AvailPageFile size 40M)
current process WorkingSet (physical memory assigned to process): 42M, peak: 42M
current process commit charge ("private bytes"): 188M, peak: 188M

vm_info: OpenJDK 64-Bit Server VM (17.0.12+7) for windows-amd64 JRE (17.0.12+7), built on Jul 16 2024 22:08:24 by "admin" with MS VC++ 16.10 / 16.11 (VS2019)

END.
